[debug] [2018-09-08T03:32:00.993Z] ----------------------------------------------------------------------
[debug] [2018-09-08T03:32:00.996Z] Command:       /usr/bin/node /usr/bin/firebase serve
[debug] [2018-09-08T03:32:00.996Z] CLI Version:   4.2.1
[debug] [2018-09-08T03:32:00.996Z] Platform:      linux
[debug] [2018-09-08T03:32:00.996Z] Node Version:  v8.11.4
[debug] [2018-09-08T03:32:00.996Z] Time:          Fri Sep 07 2018 22:32:00 GMT-0500 (CDT)
[debug] [2018-09-08T03:32:00.996Z] ----------------------------------------------------------------------
[debug] 
[debug] [2018-09-08T03:32:01.038Z] > command requires scopes: ["email","openid","https://www.googleapis.com/auth/cloudplatformprojects.readonly","https://www.googleapis.com/auth/firebase","https://www.googleapis.com/auth/cloud-platform"]
[debug] [2018-09-08T03:32:01.038Z] > authorizing via signed-in user
[debug] [2018-09-08T03:32:01.041Z] > refreshing access token with scopes: ["email","https://www.googleapis.com/auth/cloud-platform","https://www.googleapis.com/auth/cloudplatformprojects.readonly","https://www.googleapis.com/auth/firebase","openid"]
[debug] [2018-09-08T03:32:01.041Z] >>> HTTP REQUEST POST https://www.googleapis.com/oauth2/v3/token  

[debug] [2018-09-08T03:32:01.443Z] <<< HTTP RESPONSE 200
[debug] [2018-09-08T03:32:01.616Z] >>> HTTP REQUEST GET https://admin.firebase.com/v1/projects/fir-cv-90c46  
 
[debug] [2018-09-08T03:32:02.113Z] <<< HTTP RESPONSE 200
[debug] [2018-09-08T03:32:02.115Z] >>> HTTP REQUEST GET https://cloudresourcemanager.googleapis.com/v1/projects/fir-cv-90c46  
 
[debug] [2018-09-08T03:32:02.834Z] <<< HTTP RESPONSE 200
[info] 
[info] === Serving from '/home/alejahndro/Git/KodemiaCV/firebasecv'...
[info] 
[debug] [2018-09-08T03:32:02.837Z] >>> HTTP REQUEST GET https://mobilesdk-pa.googleapis.com/v1/projects/848239669306/clients/_:getWebAppConfig  
 
[debug] [2018-09-08T03:32:03.345Z] <<< HTTP RESPONSE 200
[info] i  hosting[fir-cv-90c46]: Serving hosting files from: public
[info] ✔  hosting[fir-cv-90c46]: Local server: http://localhost:5000
